<?xml version="1.0" encoding="UTF-8"?>
<!-- Generated by org.testng.reporters.JUnitReportReporter -->
<testsuite hostname="DESKTOP-QAF3F5R" failures="0" tests="2" name="test.HomeScreen" time="51.230" errors="0" timestamp="2023-11-28T17:35:06 IST" skipped="0">
  <testcase classname="test.HomeScreen" name="verifySitename" time="27.776"/>
  <testcase classname="test.HomeScreen" name="verifyTitle" time="23.454"/>
</testsuite> <!-- test.HomeScreen -->
