<?xml version="1.0" encoding="UTF-8"?>
<!-- Generated by org.testng.reporters.JUnitReportReporter -->
<testsuite hostname="DESKTOP-QAF3F5R" failures="0" tests="1" name="base.BaseClass" time="15.224" errors="0" timestamp="2023-11-28T13:17:20 IST" skipped="0">
  <testcase classname="base.BaseClass" name="openBrowser" time="15.224"/>
</testsuite> <!-- base.BaseClass -->
